<?xml version="1.0" encoding="UTF-8"?>
<!-- Generated by org.testng.reporters.JUnitXMLReporter -->
<testsuite ignored="0" hostname="LTPC0K7AG1" failures="0" tests="12" name="Test2" time="0.076" errors="0" timestamp="28 Aug 2019 08:48:25 GMT">
  <testcase classname="com.qa.TestPackage.DemoTest" name="divide" time="0.018"/>
  <testcase classname="com.qa.TestPackage.DemoTest" name="multiply" time="0.0"/>
  <testcase classname="com.qa.TestPackage.DemoTest" name="sub" time="0.001"/>
  <testcase classname="com.qa.TestPackage.DemoTest" name="sum" time="0.001"/>
  <testcase classname="com.qa.TestPackage.DemoTest2" name="divide" time="0.001"/>
  <testcase classname="com.qa.TestPackage.DemoTest2" name="multiply" time="0.001"/>
  <testcase classname="com.qa.TestPackage.DemoTest2" name="sub" time="0.001"/>
  <testcase classname="com.qa.TestPackage.DemoTest2" name="sum" time="0.0"/>
  <testcase classname="com.qa.TestPackage.DEmotest1" name="divide" time="0.001"/>
  <testcase classname="com.qa.TestPackage.DEmotest1" name="multiply" time="0.0"/>
  <testcase classname="com.qa.TestPackage.DEmotest1" name="sub" time="0.0"/>
  <testcase classname="com.qa.TestPackage.DEmotest1" name="sum" time="0.0"/>
</testsuite> <!-- Test2 -->
