<?xml version="1.0" encoding="UTF-8"?>
<testng-results ignored="0" total="12" passed="12" failed="0" skipped="0">
  <reporter-output>
  </reporter-output>
  <suite started-at="2019-08-28T08:48:25Z" name="Suite" finished-at="2019-08-28T08:48:25Z" duration-ms="76">
    <groups>
    </groups>
    <test started-at="2019-08-28T08:48:25Z" name="Test2" finished-at="2019-08-28T08:48:25Z" duration-ms="76">
      <class name="com.qa.TestPackage.DemoTest">
        <test-method signature="divide()[pri:0, instance:com.qa.TestPackage.DemoTest@64d7f7e0]" started-at="2019-08-28T08:48:25Z" name="divide" finished-at="2019-08-28T08:48:25Z" duration-ms="18" status="PASS">
          <reporter-output>
          </reporter-output>
        </test-method> <!-- divide -->
        <test-method signature="multiply()[pri:0, instance:com.qa.TestPackage.DemoTest@64d7f7e0]" started-at="2019-08-28T08:48:25Z" name="multiply" finished-at="2019-08-28T08:48:25Z" duration-ms="0" status="PASS">
          <reporter-output>
          </reporter-output>
        </test-method> <!-- multiply -->
        <test-method signature="sub()[pri:0, instance:com.qa.TestPackage.DemoTest@64d7f7e0]" started-at="2019-08-28T08:48:25Z" name="sub" finished-at="2019-08-28T08:48:25Z" duration-ms="1" status="PASS">
          <reporter-output>
          </reporter-output>
        </test-method> <!-- sub -->
        <test-method signature="sum()[pri:0, instance:com.qa.TestPackage.DemoTest@64d7f7e0]" started-at="2019-08-28T08:48:25Z" name="sum" finished-at="2019-08-28T08:48:25Z" duration-ms="1" status="PASS">
          <reporter-output>
          </reporter-output>
        </test-method> <!-- sum -->
      </class> <!-- com.qa.TestPackage.DemoTest -->
      <class name="com.qa.TestPackage.DEmotest1">
        <test-method signature="divide()[pri:0, instance:com.qa.TestPackage.DEmotest1@49070868]" started-at="2019-08-28T08:48:25Z" name="divide" finished-at="2019-08-28T08:48:25Z" duration-ms="1" status="PASS">
          <reporter-output>
          </reporter-output>
        </test-method> <!-- divide -->
        <test-method signature="multiply()[pri:0, instance:com.qa.TestPackage.DEmotest1@49070868]" started-at="2019-08-28T08:48:25Z" name="multiply" finished-at="2019-08-28T08:48:25Z" duration-ms="0" status="PASS">
          <reporter-output>
          </reporter-output>
        </test-method> <!-- multiply -->
        <test-method signature="sub()[pri:0, instance:com.qa.TestPackage.DEmotest1@49070868]" started-at="2019-08-28T08:48:25Z" name="sub" finished-at="2019-08-28T08:48:25Z" duration-ms="0" status="PASS">
          <reporter-output>
          </reporter-output>
        </test-method> <!-- sub -->
        <test-method signature="sum()[pri:0, instance:com.qa.TestPackage.DEmotest1@49070868]" started-at="2019-08-28T08:48:25Z" name="sum" finished-at="2019-08-28T08:48:25Z" duration-ms="0" status="PASS">
          <reporter-output>
          </reporter-output>
        </test-method> <!-- sum -->
      </class> <!-- com.qa.TestPackage.DEmotest1 -->
      <class name="com.qa.TestPackage.DemoTest2">
        <test-method signature="divide()[pri:0, instance:com.qa.TestPackage.DemoTest2@27c6e487]" started-at="2019-08-28T08:48:25Z" name="divide" finished-at="2019-08-28T08:48:25Z" duration-ms="1" status="PASS">
          <reporter-output>
          </reporter-output>
        </test-method> <!-- divide -->
        <test-method signature="multiply()[pri:0, instance:com.qa.TestPackage.DemoTest2@27c6e487]" started-at="2019-08-28T08:48:25Z" name="multiply" finished-at="2019-08-28T08:48:25Z" duration-ms="1" status="PASS">
          <reporter-output>
          </reporter-output>
        </test-method> <!-- multiply -->
        <test-method signature="sub()[pri:0, instance:com.qa.TestPackage.DemoTest2@27c6e487]" started-at="2019-08-28T08:48:25Z" name="sub" finished-at="2019-08-28T08:48:25Z" duration-ms="1" status="PASS">
          <reporter-output>
          </reporter-output>
        </test-method> <!-- sub -->
        <test-method signature="sum()[pri:0, instance:com.qa.TestPackage.DemoTest2@27c6e487]" started-at="2019-08-28T08:48:25Z" name="sum" finished-at="2019-08-28T08:48:25Z" duration-ms="0" status="PASS">
          <reporter-output>
          </reporter-output>
        </test-method> <!-- sum -->
      </class> <!-- com.qa.TestPackage.DemoTest2 -->
    </test> <!-- Test2 -->
  </suite> <!-- Suite -->
</testng-results>
