<?xml version="1.0" encoding="UTF-8"?>
<testng-results ignored="0" total="12" passed="12" failed="0" skipped="0">
  <reporter-output>
  </reporter-output>
  <suite started-at="2019-08-28T08:44:27Z" name="Suite" finished-at="2019-08-28T08:44:27Z" duration-ms="158">
    <groups>
    </groups>
    <test started-at="2019-08-28T08:44:27Z" name="Test2" finished-at="2019-08-28T08:44:27Z" duration-ms="158">
      <class name="com.qa.TestPackage.DemoTest">
        <test-method signature="divide()[pri:0, instance:com.qa.TestPackage.DemoTest@3b938003]" started-at="2019-08-28T08:44:27Z" name="divide" finished-at="2019-08-28T08:44:27Z" duration-ms="15" status="PASS">
          <reporter-output>
          </reporter-output>
        </test-method> <!-- divide -->
        <test-method signature="multiply()[pri:0, instance:com.qa.TestPackage.DemoTest@3b938003]" started-at="2019-08-28T08:44:27Z" name="multiply" finished-at="2019-08-28T08:44:27Z" duration-ms="2" status="PASS">
          <reporter-output>
          </reporter-output>
        </test-method> <!-- multiply -->
        <test-method signature="sub()[pri:0, instance:com.qa.TestPackage.DemoTest@3b938003]" started-at="2019-08-28T08:44:27Z" name="sub" finished-at="2019-08-28T08:44:27Z" duration-ms="2" status="PASS">
          <reporter-output>
          </reporter-output>
        </test-method> <!-- sub -->
        <test-method signature="sum()[pri:0, instance:com.qa.TestPackage.DemoTest@3b938003]" started-at="2019-08-28T08:44:27Z" name="sum" finished-at="2019-08-28T08:44:27Z" duration-ms="3" status="PASS">
          <reporter-output>
          </reporter-output>
        </test-method> <!-- sum -->
      </class> <!-- com.qa.TestPackage.DemoTest -->
      <class name="com.qa.TestPackage.DEmotest1">
        <test-method signature="divide()[pri:0, instance:com.qa.TestPackage.DEmotest1@78b1cc93]" started-at="2019-08-28T08:44:27Z" name="divide" finished-at="2019-08-28T08:44:27Z" duration-ms="3" status="PASS">
          <reporter-output>
          </reporter-output>
        </test-method> <!-- divide -->
        <test-method signature="multiply()[pri:0, instance:com.qa.TestPackage.DEmotest1@78b1cc93]" started-at="2019-08-28T08:44:27Z" name="multiply" finished-at="2019-08-28T08:44:27Z" duration-ms="4" status="PASS">
          <reporter-output>
          </reporter-output>
        </test-method> <!-- multiply -->
        <test-method signature="sub()[pri:0, instance:com.qa.TestPackage.DEmotest1@78b1cc93]" started-at="2019-08-28T08:44:27Z" name="sub" finished-at="2019-08-28T08:44:27Z" duration-ms="2" status="PASS">
          <reporter-output>
          </reporter-output>
        </test-method> <!-- sub -->
        <test-method signature="sum()[pri:0, instance:com.qa.TestPackage.DEmotest1@78b1cc93]" started-at="2019-08-28T08:44:27Z" name="sum" finished-at="2019-08-28T08:44:27Z" duration-ms="4" status="PASS">
          <reporter-output>
          </reporter-output>
        </test-method> <!-- sum -->
      </class> <!-- com.qa.TestPackage.DEmotest1 -->
      <class name="com.qa.TestPackage.DemoTest2">
        <test-method signature="divide()[pri:0, instance:com.qa.TestPackage.DemoTest2@6f3b5d16]" started-at="2019-08-28T08:44:27Z" name="divide" finished-at="2019-08-28T08:44:27Z" duration-ms="2" status="PASS">
          <reporter-output>
          </reporter-output>
        </test-method> <!-- divide -->
        <test-method signature="multiply()[pri:0, instance:com.qa.TestPackage.DemoTest2@6f3b5d16]" started-at="2019-08-28T08:44:27Z" name="multiply" finished-at="2019-08-28T08:44:27Z" duration-ms="2" status="PASS">
          <reporter-output>
          </reporter-output>
        </test-method> <!-- multiply -->
        <test-method signature="sub()[pri:0, instance:com.qa.TestPackage.DemoTest2@6f3b5d16]" started-at="2019-08-28T08:44:27Z" name="sub" finished-at="2019-08-28T08:44:27Z" duration-ms="2" status="PASS">
          <reporter-output>
          </reporter-output>
        </test-method> <!-- sub -->
        <test-method signature="sum()[pri:0, instance:com.qa.TestPackage.DemoTest2@6f3b5d16]" started-at="2019-08-28T08:44:27Z" name="sum" finished-at="2019-08-28T08:44:27Z" duration-ms="5" status="PASS">
          <reporter-output>
          </reporter-output>
        </test-method> <!-- sum -->
      </class> <!-- com.qa.TestPackage.DemoTest2 -->
    </test> <!-- Test2 -->
  </suite> <!-- Suite -->
</testng-results>
